<?xml version="1.0" encoding="UTF-8"?>
<!-- Generated by org.testng.reporters.JUnitXMLReporter -->
<testsuite ignored="0" hostname="DESKTOP-V3TS40K" failures="0" tests="5" name="Surefire test" time="127.833" errors="0" timestamp="2022-03-25T09:18:10 CET">
  <testcase classname="tests.HomepageTest" name="login" time="2.101"/>
  <testcase classname="tests.HomepageTest" name="login" time="1.961"/>
  <testcase classname="tests.HomepageTest" name="resetPass" time="1.828"/>
  <testcase classname="tests.ValidateNavBarTest" name="titleAssert" time="0.279"/>
  <testcase classname="tests.ValidateTitleTest" name="titleAssert" time="0.166"/>
</testsuite> <!-- Surefire test -->
