-------------------------------------------------------------------------------
Test set: TestSuite
-------------------------------------------------------------------------------
Tests run: 5, Failures: 1, Errors: 0, Skipped: 0, Time elapsed: 49.364 s <<< FAILURE! - in TestSuite
login(tests.LoginTest)  Time elapsed: 1.574 s  <<< FAILURE!
java.lang.AssertionError: expected [aidah1803@gmail.com] but found [komora.aida@gmail.com]
	at tests.LoginTest.login(LoginTest.java:45)

